app/api/affiliate/import/route.ts(178,11): error TS7022: 'category' implicitly has type 'any' because it does not have a type annotation and is referenced directly or indirectly in its own initializer.
app/api/auth/[...nextauth]/route.ts(19,13): error TS2322: Type '(credentials: Record<"email" | "password", string> | undefined) => Promise<{ id: string; email: string; name: string; firstName: string | null; lastName: string | null; isAdmin: boolean; } | null>' is not assignable to type '(credentials: Record<"email" | "password", string> | undefined, req: Pick<RequestInternal, "query" | "body" | "headers" | "method">) => Awaitable<...>'.
  Type 'Promise<{ id: string; email: string; name: string; firstName: string | null; lastName: string | null; isAdmin: boolean; } | null>' is not assignable to type 'Awaitable<User | null>'.
    Type 'Promise<{ id: string; email: string; name: string; firstName: string | null; lastName: string | null; isAdmin: boolean; } | null>' is not assignable to type 'PromiseLike<User | null>'.
      Types of property 'then' are incompatible.
        Type '<TResult1 = { id: string; email: string; name: string; firstName: string | null; lastName: string | null; isAdmin: boolean; } | null, TResult2 = never>(onfulfilled?: ((value: { id: string; email: string; name: string; firstName: string | null; lastName: string | null; isAdmin: boolean; } | null) => TResult1 | Promis...' is not assignable to type '<TResult1 = User | null, TResult2 = never>(onfulfilled?: ((value: User | null) => TResult1 | PromiseLike<TResult1>) | null | undefined, onrejected?: ((reason: any) => TResult2 | PromiseLike<...>) | null | undefined) => PromiseLike<...>'.
          Types of parameters 'onfulfilled' and 'onfulfilled' are incompatible.
            Types of parameters 'value' and 'value' are incompatible.
              Type '{ id: string; email: string; name: string; firstName: string | null; lastName: string | null; isAdmin: boolean; } | null' is not assignable to type 'User | null'.
                Type '{ id: string; email: string; name: string; firstName: string | null; lastName: string | null; isAdmin: boolean; }' is not assignable to type 'User'.
                  Types of property 'firstName' are incompatible.
                    Type 'string | null' is not assignable to type 'string | undefined'.
                      Type 'null' is not assignable to type 'string | undefined'.
app/api/auth/[...nextauth]/route.ts(81,5): error TS2322: Type '{ signIn: string; signUp: string; }' is not assignable to type 'Partial<PagesOptions>'.
  Object literal may only specify known properties, and 'signUp' does not exist in type 'Partial<PagesOptions>'.
app/products/[id]/page.tsx(37,31): error TS2322: Type '{ affiliateLink: string; affiliateProgram: { id: string; name: string; baseUrl: string; commissionRate: number; cookieDays: number; restrictions: string | null; isActive: boolean; createdAt: Date; updatedAt: Date; }; ... 22 more ...; categoryId: string | null; }' is not assignable to type '{ id: string; name: string; description?: string | undefined; price: number; salePrice?: number | undefined; currency: string; imageUrl?: string | undefined; brand?: string | undefined; model?: string | undefined; ... 8 more ...; attributes: { ...; }[]; }'.
  Types of property 'description' are incompatible.
    Type 'string | null' is not assignable to type 'string | undefined'.
exit_code=2
